31017/31018 [============================>.] - ETA: 0s - loss: 0.1130 - acc: 0.9863Epoch 00001: saving model to /home/chengfeng/projects/004-nsp/exps/005-fuse-local-feature/../../data/snapshots/005-fuse-local-feature/resnet50_nsp_01.h5
31018/31018 [==============================] - 2678s 86ms/step - loss: 0.1130 - acc: 0.9863 - val_loss: 0.5781 - val_acc: 0.9502
2/50 
31017/31018 [============================>.] - ETA: 0s - loss: 0.0892 - acc: 0.9912Epoch 00002: saving model to /home/chengfeng/projects/004-nsp/exps/005-fuse-local-feature/../../data/snapshots/005-fuse-local-feature/resnet50_nsp_02.h5
31018/31018 [==============================] - 2665s 86ms/step - loss: 0.0892 - acc: 0.9912 - val_loss: 0.4042 - val_acc: 0.9678
Epoch 3/50
31017/31018 [============================>.] - ETA: 0s - loss: 0.0845 - acc: 0.9926Epoch 00003: saving model to /home/chengfeng/projects/004-nsp/exps/005-fuse-local-feature/../../data/snapshots/005-fuse-local-feature/resnet50_nsp_03.h5
31018/31018 [==============================] - 2652s 86ms/step - loss: 0.0845 - acc: 0.9926 - val_loss: 0.4170 - val_acc: 0.9654
Epoch 4/50
31017/31018 [============================>.] - ETA: 0s - loss: 0.0873 - acc: 0.9923Epoch 00004: saving model to /home/chengfeng/projects/004-nsp/exps/005-fuse-local-feature/../../data/snapshots/005-fuse-local-feature/resnet50_nsp_04.h5
31018/31018 [==============================] - 2646s 85ms/step - loss: 0.0873 - acc: 0.9923 - val_loss: 0.5236 - val_acc: 0.9549
Epoch 5/50
31017/31018 [============================>.] - ETA: 0s - loss: 0.0827 - acc: 0.9929Epoch 00005: saving model to /home/chengfeng/projects/004-nsp/exps/005-fuse-local-feature/../../data/snapshots/005-fuse-local-feature/resnet50_nsp_05.h5
31018/31018 [==============================] - 2639s 85ms/step - loss: 0.0827 - acc: 0.9929 - val_loss: 0.4162 - val_acc: 0.9687
Epoch 6/50
31017/31018 [============================>.] - ETA: 0s - loss: 0.0799 - acc: 0.9928Epoch 00006: saving model to /home/chengfeng/projects/004-nsp/exps/005-fuse-local-feature/../../data/snapshots/005-fuse-local-feature/resnet50_nsp_06.h5
31018/31018 [==============================] - 2638s 85ms/step - loss: 0.0799 - acc: 0.9928 - val_loss: 0.4194 - val_acc: 0.9707
Epoch 7/50
31017/31018 [============================>.] - ETA: 0s - loss: 0.0721 - acc: 0.9939Epoch 00007: saving model to /home/chengfeng/projects/004-nsp/exps/005-fuse-local-feature/../../data/snapshots/005-fuse-local-feature/resnet50_nsp_07.h5
31018/31018 [==============================] - 2640s 85ms/step - loss: 0.0721 - acc: 0.9939 - val_loss: 0.4210 - val_acc: 0.9698
Epoch 8/50
31017/31018 [============================>.] - ETA: 0s - loss: 0.0755 - acc: 0.9941Epoch 00008: saving model to /home/chengfeng/projects/004-nsp/exps/005-fuse-local-feature/../../data/snapshots/005-fuse-local-feature/resnet50_nsp_08.h5
31018/31018 [==============================] - 2638s 85ms/step - loss: 0.0755 - acc: 0.9941 - val_loss: 0.5444 - val_acc: 0.9587
Epoch 9/50
31017/31018 [============================>.] - ETA: 0s - loss: 0.0694 - acc: 0.9942Epoch 00009: saving model to /home/chengfeng/projects/004-nsp/exps/005-fuse-local-feature/../../data/snapshots/005-fuse-local-feature/resnet50_nsp_09.h5
31018/31018 [==============================] - 2643s 85ms/step - loss: 0.0694 - acc: 0.9942 - val_loss: 0.4912 - val_acc: 0.9613
Epoch 10/50
31017/31018 [============================>.] - ETA: 0s - loss: 0.0716 - acc: 0.9940Epoch 00010: saving model to /home/chengfeng/projects/004-nsp/exps/005-fuse-local-feature/../../data/snapshots/005-fuse-local-feature/resnet50_nsp_10.h5
31018/31018 [==============================] - 2642s 85ms/step - loss: 0.0716 - acc: 0.9940 - val_loss: 0.4242 - val_acc: 0.9678
Epoch 11/50
31017/31018 [============================>.] - ETA: 0s - loss: 0.0766 - acc: 0.9940Epoch 00011: saving model to /home/chengfeng/projects/004-nsp/exps/005-fuse-local-feature/../../data/snapshots/005-fuse-local-feature/resnet50_nsp_11.h5
31018/31018 [==============================] - 2636s 85ms/step - loss: 0.0766 - acc: 0.9940 - val_loss: 0.4126 - val_acc: 0.9692
Epoch 12/50
31017/31018 [============================>.] - ETA: 0s - loss: 0.0762 - acc: 0.9936Epoch 00012: saving model to /home/chengfeng/projects/004-nsp/exps/005-fuse-local-feature/../../data/snapshots/005-fuse-local-feature/resnet50_nsp_12.h5

Epoch 00012: reducing learning rate to 0.00010000000475.
31018/31018 [==============================] - 2642s 85ms/step - loss: 0.0762 - acc: 0.9936 - val_loss: 0.4123 - val_acc: 0.9695
Epoch 13/50
31017/31018 [============================>.] - ETA: 0s - loss: 0.0570 - acc: 0.9957Epoch 00013: saving model to /home/chengfeng/projects/004-nsp/exps/005-fuse-local-feature/../../data/snapshots/005-fuse-local-feature/resnet50_nsp_13.h5
31018/31018 [==============================] - 2641s 85ms/step - loss: 0.0570 - acc: 0.9957 - val_loss: 0.4031 - val_acc: 0.9690
Epoch 14/50
31017/31018 [============================>.] - ETA: 0s - loss: 0.0604 - acc: 0.9954Epoch 00014: saving model to /home/chengfeng/projects/004-nsp/exps/005-fuse-local-feature/../../data/snapshots/005-fuse-local-feature/resnet50_nsp_14.h5
31018/31018 [==============================] - 2639s 85ms/step - loss: 0.0604 - acc: 0.9954 - val_loss: 0.4097 - val_acc: 0.9687
Epoch 15/50
31017/31018 [============================>.] - ETA: 0s - loss: 0.0590 - acc: 0.9956Epoch 00015: saving model to /home/chengfeng/projects/004-nsp/exps/005-fuse-local-feature/../../data/snapshots/005-fuse-local-feature/resnet50_nsp_15.h5
31018/31018 [==============================] - 2645s 85ms/step - loss: 0.0590 - acc: 0.9956 - val_loss: 0.4076 - val_acc: 0.9701
Epoch 16/50
31017/31018 [============================>.] - ETA: 0s - loss: 0.0583 - acc: 0.9955Epoch 00016: saving model to /home/chengfeng/projects/004-nsp/exps/005-fuse-local-feature/../../data/snapshots/005-fuse-local-feature/resnet50_nsp_16.h5

Epoch 00016: reducing learning rate to 1.0000000475e-05.
31018/31018 [==============================] - 2636s 85ms/step - loss: 0.0583 - acc: 0.9955 - val_loss: 0.4104 - val_acc: 0.9692
Epoch 17/50
31017/31018 [============================>.] - ETA: 0s - loss: 0.0561 - acc: 0.9956Epoch 00017: saving model to /home/chengfeng/projects/004-nsp/exps/005-fuse-local-feature/../../data/snapshots/005-fuse-local-feature/resnet50_nsp_17.h5
31018/31018 [==============================] - 2638s 85ms/step - loss: 0.0561 - acc: 0.9956 - val_loss: 0.4017 - val_acc: 0.9704
Epoch 18/50
31017/31018 [============================>.] - ETA: 0s - loss: 0.0551 - acc: 0.9958Epoch 00018: saving model to /home/chengfeng/projects/004-nsp/exps/005-fuse-local-feature/../../data/snapshots/005-fuse-local-feature/resnet50_nsp_18.h5
31018/31018 [==============================] - 2644s 85ms/step - loss: 0.0551 - acc: 0.9958 - val_loss: 0.4113 - val_acc: 0.9698
Epoch 19/50
31017/31018 [============================>.] - ETA: 0s - loss: 0.0582 - acc: 0.9956Epoch 00019: saving model to /home/chengfeng/projects/004-nsp/exps/005-fuse-local-feature/../../data/snapshots/005-fuse-local-feature/resnet50_nsp_19.h5
31018/31018 [==============================] - 2641s 85ms/step - loss: 0.0582 - acc: 0.9956 - val_loss: 0.4022 - val_acc: 0.9701
Epoch 20/50
31017/31018 [============================>.] - ETA: 0s - loss: 0.0547 - acc: 0.9956Epoch 00020: saving model to /home/chengfeng/projects/004-nsp/exps/005-fuse-local-feature/../../data/snapshots/005-fuse-local-feature/resnet50_nsp_20.h5
31018/31018 [==============================] - 2647s 85ms/step - loss: 0.0547 - acc: 0.9956 - val_loss: 0.4132 - val_acc: 0.9687
Epoch 21/50
31017/31018 [============================>.] - ETA: 0s - loss: 0.0585 - acc: 0.9956Epoch 00021: saving model to /home/chengfeng/projects/004-nsp/exps/005-fuse-local-feature/../../data/snapshots/005-fuse-local-feature/resnet50_nsp_21.h5
31018/31018 [==============================] - 2642s 85ms/step - loss: 0.0585 - acc: 0.9956 - val_loss: 0.3976 - val_acc: 0.9701
Epoch 22/50
31017/31018 [============================>.] - ETA: 0s - loss: 0.0582 - acc: 0.9953Epoch 00022: saving model to /home/chengfeng/projects/004-nsp/exps/005-fuse-local-feature/../../data/snapshots/005-fuse-local-feature/resnet50_nsp_22.h5
31018/31018 [==============================] - 2642s 85ms/step - loss: 0.0582 - acc: 0.9953 - val_loss: 0.4054 - val_acc: 0.9695
Epoch 23/50
31017/31018 [============================>.] - ETA: 0s - loss: 0.0571 - acc: 0.9957Epoch 00023: saving model to /home/chengfeng/projects/004-nsp/exps/005-fuse-local-feature/../../data/snapshots/005-fuse-local-feature/resnet50_nsp_23.h5

Epoch 00023: reducing learning rate to 1.00000006569e-06.
31018/31018 [==============================] - 2640s 85ms/step - loss: 0.0571 - acc: 0.9957 - val_loss: 0.4102 - val_acc: 0.9692
Epoch 24/50
31017/31018 [============================>.] - ETA: 0s - loss: 0.0561 - acc: 0.9958Epoch 00024: saving model to /home/chengfeng/projects/004-nsp/exps/005-fuse-local-feature/../../data/snapshots/005-fuse-local-feature/resnet50_nsp_24.h5
31018/31018 [==============================] - 2641s 85ms/step - loss: 0.0561 - acc: 0.9958 - val_loss: 0.4189 - val_acc: 0.9684
Epoch 25/50
31017/31018 [============================>.] - ETA: 0s - loss: 0.0545 - acc: 0.9958Epoch 00025: saving model to /home/chengfeng/projects/004-nsp/exps/005-fuse-local-feature/../../data/snapshots/005-fuse-local-feature/resnet50_nsp_25.h5
31018/31018 [==============================] - 2642s 85ms/step - loss: 0.0545 - acc: 0.9958 - val_loss: 0.3954 - val_acc: 0.9704
Epoch 26/50
31017/31018 [============================>.] - ETA: 0s - loss: 0.0592 - acc: 0.9955Epoch 00026: saving model to /home/chengfeng/projects/004-nsp/exps/005-fuse-local-feature/../../data/snapshots/005-fuse-local-feature/resnet50_nsp_26.h5
31018/31018 [==============================] - 2639s 85ms/step - loss: 0.0592 - acc: 0.9955 - val_loss: 0.4022 - val_acc: 0.9698
Epoch 27/50
31017/31018 [============================>.] - ETA: 0s - loss: 0.0560 - acc: 0.9956Epoch 00027: saving model to /home/chengfeng/projects/004-nsp/exps/005-fuse-local-feature/../../data/snapshots/005-fuse-local-feature/resnet50_nsp_27.h5
31018/31018 [==============================] - 2643s 85ms/step - loss: 0.0560 - acc: 0.9956 - val_loss: 0.4035 - val_acc: 0.9695
Epoch 28/50
31017/31018 [============================>.] - ETA: 0s - loss: 0.0583 - acc: 0.9957Epoch 00028: saving model to /home/chengfeng/projects/004-nsp/exps/005-fuse-local-feature/../../data/snapshots/005-fuse-local-feature/resnet50_nsp_28.h5

Epoch 00028: reducing learning rate to 1.00000011116e-07.
31018/31018 [==============================] - 2641s 85ms/step - loss: 0.0583 - acc: 0.9957 - val_loss: 0.4027 - val_acc: 0.9698
Epoch 29/50
31017/31018 [============================>.] - ETA: 0s - loss: 0.0554 - acc: 0.9956Epoch 00029: saving model to /home/chengfeng/projects/004-nsp/exps/005-fuse-local-feature/../../data/snapshots/005-fuse-local-feature/resnet50_nsp_29.h5
31018/31018 [==============================] - 2642s 85ms/step - loss: 0.0554 - acc: 0.9956 - val_loss: 0.4057 - val_acc: 0.9692
Epoch 30/50
31017/31018 [============================>.] - ETA: 0s - loss: 0.0544 - acc: 0.9957Epoch 00030: saving model to /home/chengfeng/projects/004-nsp/exps/005-fuse-local-feature/../../data/snapshots/005-fuse-local-feature/resnet50_nsp_30.h5
31018/31018 [==============================] - 2636s 85ms/step - loss: 0.0544 - acc: 0.9957 - val_loss: 0.4093 - val_acc: 0.9698
Epoch 31/50
31017/31018 [============================>.] - ETA: 0s - loss: 0.0555 - acc: 0.9956Epoch 00031: saving model to /home/chengfeng/projects/004-nsp/exps/005-fuse-local-feature/../../data/snapshots/005-fuse-local-feature/resnet50_nsp_31.h5
31018/31018 [==============================] - 2638s 85ms/step - loss: 0.0555 - acc: 0.9956 - val_loss: 0.4007 - val_acc: 0.9698
Epoch 32/50
31017/31018 [============================>.] - ETA: 0s - loss: 0.0555 - acc: 0.9956Epoch 00032: saving model to /home/chengfeng/projects/004-nsp/exps/005-fuse-local-feature/../../data/snapshots/005-fuse-local-feature/resnet50_nsp_32.h5
31018/31018 [==============================] - 2651s 85ms/step - loss: 0.0555 - acc: 0.9956 - val_loss: 0.4102 - val_acc: 0.9692
Epoch 33/50
31017/31018 [============================>.] - ETA: 0s - loss: 0.0573 - acc: 0.9958Epoch 00033: saving model to /home/chengfeng/projects/004-nsp/exps/005-fuse-local-feature/../../data/snapshots/005-fuse-local-feature/resnet50_nsp_33.h5

Epoch 00033: reducing learning rate to 1.00000008274e-08.
31018/31018 [==============================] - 2640s 85ms/step - loss: 0.0573 - acc: 0.9958 - val_loss: 0.4149 - val_acc: 0.9690
Epoch 34/50
31017/31018 [============================>.] - ETA: 0s - loss: 0.0554 - acc: 0.9958Epoch 00034: saving model to /home/chengfeng/projects/004-nsp/exps/005-fuse-local-feature/../../data/snapshots/005-fuse-local-feature/resnet50_nsp_34.h5
31018/31018 [==============================] - 2646s 85ms/step - loss: 0.0554 - acc: 0.9958 - val_loss: 0.4000 - val_acc: 0.9698
Epoch 35/50
31017/31018 [============================>.] - ETA: 0s - loss: 0.0543 - acc: 0.9957Epoch 00035: saving model to /home/chengfeng/projects/004-nsp/exps/005-fuse-local-feature/../../data/snapshots/005-fuse-local-feature/resnet50_nsp_35.h5
31018/31018 [==============================] - 2638s 85ms/step - loss: 0.0543 - acc: 0.9957 - val_loss: 0.3967 - val_acc: 0.9701
Epoch 36/50
31017/31018 [============================>.] - ETA: 0s - loss: 0.0590 - acc: 0.9954Epoch 00036: saving model to /home/chengfeng/projects/004-nsp/exps/005-fuse-local-feature/../../data/snapshots/005-fuse-local-feature/resnet50_nsp_36.h5
31018/31018 [==============================] - 2641s 85ms/step - loss: 0.0590 - acc: 0.9954 - val_loss: 0.4136 - val_acc: 0.9690
Epoch 37/50
31017/31018 [============================>.] - ETA: 0s - loss: 0.0549 - acc: 0.9959Epoch 00037: saving model to /home/chengfeng/projects/004-nsp/exps/005-fuse-local-feature/../../data/snapshots/005-fuse-local-feature/resnet50_nsp_37.h5
31018/31018 [==============================] - 2642s 85ms/step - loss: 0.0549 - acc: 0.9959 - val_loss: 0.4107 - val_acc: 0.9692
Epoch 38/50
31017/31018 [============================>.] - ETA: 0s - loss: 0.0561 - acc: 0.9957Epoch 00038: saving model to /home/chengfeng/projects/004-nsp/exps/005-fuse-local-feature/../../data/snapshots/005-fuse-local-feature/resnet50_nsp_38.h5

Epoch 00038: reducing learning rate to 1.00000008274e-09.
31018/31018 [==============================] - 2637s 85ms/step - loss: 0.0561 - acc: 0.9957 - val_loss: 0.4015 - val_acc: 0.9698
Epoch 39/50
31017/31018 [============================>.] - ETA: 0s - loss: 0.0601 - acc: 0.9955Epoch 00039: saving model to /home/chengfeng/projects/004-nsp/exps/005-fuse-local-feature/../../data/snapshots/005-fuse-local-feature/resnet50_nsp_39.h5
31018/31018 [==============================] - 2648s 85ms/step - loss: 0.0601 - acc: 0.9955 - val_loss: 0.4035 - val_acc: 0.9695
Epoch 40/50
31017/31018 [============================>.] - ETA: 0s - loss: 0.0591 - acc: 0.9955Epoch 00040: saving model to /home/chengfeng/projects/004-nsp/exps/005-fuse-local-feature/../../data/snapshots/005-fuse-local-feature/resnet50_nsp_40.h5

Epoch 00040: reducing learning rate to 1.00000008274e-10.
31018/31018 [==============================] - 2637s 85ms/step - loss: 0.0591 - acc: 0.9955 - val_loss: 0.4074 - val_acc: 0.9695
Epoch 41/50
31017/31018 [============================>.] - ETA: 0s - loss: 0.0588 - acc: 0.9955Epoch 00041: saving model to /home/chengfeng/projects/004-nsp/exps/005-fuse-local-feature/../../data/snapshots/005-fuse-local-feature/resnet50_nsp_41.h5
31018/31018 [==============================] - 2646s 85ms/step - loss: 0.0588 - acc: 0.9955 - val_loss: 0.3960 - val_acc: 0.9701
Epoch 42/50
31017/31018 [============================>.] - ETA: 0s - loss: 0.0554 - acc: 0.9959Epoch 00042: saving model to /home/chengfeng/projects/004-nsp/exps/005-fuse-local-feature/../../data/snapshots/005-fuse-local-feature/resnet50_nsp_42.h5

Epoch 00042: reducing learning rate to 1.00000008274e-11.
31018/31018 [==============================] - 2640s 85ms/step - loss: 0.0554 - acc: 0.9959 - val_loss: 0.4149 - val_acc: 0.9690
Epoch 43/50
31017/31018 [============================>.] - ETA: 0s - loss: 0.0586 - acc: 0.9956Epoch 00043: saving model to /home/chengfeng/projects/004-nsp/exps/005-fuse-local-feature/../../data/snapshots/005-fuse-local-feature/resnet50_nsp_43.h5
31018/31018 [==============================] - 2636s 85ms/step - loss: 0.0586 - acc: 0.9956 - val_loss: 0.4007 - val_acc: 0.9698
Epoch 44/50
31017/31018 [============================>.] - ETA: 0s - loss: 0.0558 - acc: 0.9957Epoch 00044: saving model to /home/chengfeng/projects/004-nsp/exps/005-fuse-local-feature/../../data/snapshots/005-fuse-local-feature/resnet50_nsp_44.h5

Epoch 00044: reducing learning rate to 1.00000008274e-12.
31018/31018 [==============================] - 2637s 85ms/step - loss: 0.0558 - acc: 0.9957 - val_loss: 0.4140 - val_acc: 0.9690
Epoch 45/50
31017/31018 [============================>.] - ETA: 0s - loss: 0.0604 - acc: 0.9955Epoch 00045: saving model to /home/chengfeng/projects/004-nsp/exps/005-fuse-local-feature/../../data/snapshots/005-fuse-local-feature/resnet50_nsp_45.h5
31018/31018 [==============================] - 2636s 85ms/step - loss: 0.0604 - acc: 0.9955 - val_loss: 0.3969 - val_acc: 0.9701
Epoch 46/50
31017/31018 [============================>.] - ETA: 0s - loss: 0.0566 - acc: 0.9955Epoch 00046: saving model to /home/chengfeng/projects/004-nsp/exps/005-fuse-local-feature/../../data/snapshots/005-fuse-local-feature/resnet50_nsp_46.h5

Epoch 00046: reducing learning rate to 1.00000010442e-13.
31018/31018 [==============================] - 2637s 85ms/step - loss: 0.0566 - acc: 0.9955 - val_loss: 0.4007 - val_acc: 0.9698
Epoch 47/50
31017/31018 [============================>.] - ETA: 0s - loss: 0.0585 - acc: 0.9956Epoch 00047: saving model to /home/chengfeng/projects/004-nsp/exps/005-fuse-local-feature/../../data/snapshots/005-fuse-local-feature/resnet50_nsp_47.h5
31018/31018 [==============================] - 2638s 85ms/step - loss: 0.0585 - acc: 0.9956 - val_loss: 0.4055 - val_acc: 0.9695
Epoch 48/50
31017/31018 [============================>.] - ETA: 0s - loss: 0.0557 - acc: 0.9958Epoch 00048: saving model to /home/chengfeng/projects/004-nsp/exps/005-fuse-local-feature/../../data/snapshots/005-fuse-local-feature/resnet50_nsp_48.h5

Epoch 00048: reducing learning rate to 1.00000011798e-14.
31018/31018 [==============================] - 2643s 85ms/step - loss: 0.0557 - acc: 0.9958 - val_loss: 0.4102 - val_acc: 0.9692
Epoch 49/50
31017/31018 [============================>.] - ETA: 0s - loss: 0.0580 - acc: 0.9957Epoch 00049: saving model to /home/chengfeng/projects/004-nsp/exps/005-fuse-local-feature/../../data/snapshots/005-fuse-local-feature/resnet50_nsp_49.h5
31018/31018 [==============================] - 2649s 85ms/step - loss: 0.0580 - acc: 0.9957 - val_loss: 0.4229 - val_acc: 0.9684
Epoch 50/50
31017/31018 [============================>.] - ETA: 0s - loss: 0.0578 - acc: 0.9956Epoch 00050: saving model to /home/chengfeng/projects/004-nsp/exps/005-fuse-local-feature/../../data/snapshots/005-fuse-local-feature/resnet50_nsp_50.h5

Epoch 00050: reducing learning rate to 1.00000015186e-15.
31018/31018 [==============================] - 2613s 84ms/step - loss: 0.0578 - acc: 0.9956 - val_loss: 0.3977 - val_acc: 0.9698
